<?xml version="1.0" encoding="UTF-8"?>
<testsuite xmlns:xsi="http://www.w3.org/2001/XMLSchema-instance" xsi:noNamespaceSchemaLocation="https://maven.apache.org/surefire/maven-surefire-plugin/xsd/surefire-test-report-3.0.xsd" version="3.0" name="TestSuite" time="7.264" tests="1" errors="0" skipped="0" failures="0">
  <properties>
    <property name="java.specification.version" value="23"/>
    <property name="webdriver.chrome.driver" value="/Users/vinuprasath.m/.cache/selenium/chromedriver/mac-arm64/134.0.6998.165/chromedriver"/>
    <property name="sun.jnu.encoding" value="UTF-8"/>
    <property name="java.class.path" value="/Users/vinuprasath.m/eclipse-workspace/Ease-Commerce/target/test-classes:/Users/vinuprasath.m/eclipse-workspace/Ease-Commerce/target/classes:/Users/vinuprasath.m/.m2/repository/io/github/bonigarcia/webdrivermanager/5.9.3/webdrivermanager-5.9.3.jar:/Users/vinuprasath.m/.m2/repository/org/slf4j/slf4j-api/2.0.16/slf4j-api-2.0.16.jar:/Users/vinuprasath.m/.m2/repository/com/google/code/gson/gson/2.12.1/gson-2.12.1.jar:/Users/vinuprasath.m/.m2/repository/com/google/errorprone/error_prone_annotations/2.36.0/error_prone_annotations-2.36.0.jar:/Users/vinuprasath.m/.m2/repository/com/github/docker-java/docker-java/3.4.1/docker-java-3.4.1.jar:/Users/vinuprasath.m/.m2/repository/com/github/docker-java/docker-java-core/3.4.1/docker-java-core-3.4.1.jar:/Users/vinuprasath.m/.m2/repository/com/github/docker-java/docker-java-api/3.4.1/docker-java-api-3.4.1.jar:/Users/vinuprasath.m/.m2/repository/com/fasterxml/jackson/core/jackson-annotations/2.10.3/jackson-annotations-2.10.3.jar:/Users/vinuprasath.m/.m2/repository/com/fasterxml/jackson/core/jackson-databind/2.10.3/jackson-databind-2.10.3.jar:/Users/vinuprasath.m/.m2/repository/com/fasterxml/jackson/core/jackson-core/2.10.3/jackson-core-2.10.3.jar:/Users/vinuprasath.m/.m2/repository/org/slf4j/jcl-over-slf4j/1.7.30/jcl-over-slf4j-1.7.30.jar:/Users/vinuprasath.m/.m2/repository/com/github/docker-java/docker-java-transport-httpclient5/3.4.1/docker-java-transport-httpclient5-3.4.1.jar:/Users/vinuprasath.m/.m2/repository/com/github/docker-java/docker-java-transport/3.4.1/docker-java-transport-3.4.1.jar:/Users/vinuprasath.m/.m2/repository/net/java/dev/jna/jna/5.13.0/jna-5.13.0.jar:/Users/vinuprasath.m/.m2/repository/org/brotli/dec/0.1.2/dec-0.1.2.jar:/Users/vinuprasath.m/.m2/repository/org/apache/commons/commons-lang3/3.17.0/commons-lang3-3.17.0.jar:/Users/vinuprasath.m/.m2/repository/org/apache/commons/commons-compress/1.27.1/commons-compress-1.27.1.jar:/Users/vinuprasath.m/.m2/repository/commons-codec/commons-codec/1.17.1/commons-codec-1.17.1.jar:/Users/vinuprasath.m/.m2/repository/commons-io/commons-io/2.16.1/commons-io-2.16.1.jar:/Users/vinuprasath.m/.m2/repository/org/apache/httpcomponents/client5/httpclient5/5.2.1/httpclient5-5.2.1.jar:/Users/vinuprasath.m/.m2/repository/org/apache/httpcomponents/core5/httpcore5/5.2/httpcore5-5.2.jar:/Users/vinuprasath.m/.m2/repository/org/apache/httpcomponents/core5/httpcore5-h2/5.2/httpcore5-h2-5.2.jar:/Users/vinuprasath.m/.m2/repository/io/cucumber/cucumber-testng/7.14.0/cucumber-testng-7.14.0.jar:/Users/vinuprasath.m/.m2/repository/org/apiguardian/apiguardian-api/1.1.2/apiguardian-api-1.1.2.jar:/Users/vinuprasath.m/.m2/repository/io/cucumber/cucumber-core/7.14.0/cucumber-core-7.14.0.jar:/Users/vinuprasath.m/.m2/repository/io/cucumber/cucumber-gherkin/7.14.0/cucumber-gherkin-7.14.0.jar:/Users/vinuprasath.m/.m2/repository/io/cucumber/cucumber-gherkin-messages/7.14.0/cucumber-gherkin-messages-7.14.0.jar:/Users/vinuprasath.m/.m2/repository/io/cucumber/gherkin/26.2.0/gherkin-26.2.0.jar:/Users/vinuprasath.m/.m2/repository/io/cucumber/messages/22.0.0/messages-22.0.0.jar:/Users/vinuprasath.m/.m2/repository/io/cucumber/tag-expressions/5.0.6/tag-expressions-5.0.6.jar:/Users/vinuprasath.m/.m2/repository/io/cucumber/cucumber-expressions/16.1.2/cucumber-expressions-16.1.2.jar:/Users/vinuprasath.m/.m2/repository/io/cucumber/datatable/7.14.0/datatable-7.14.0.jar:/Users/vinuprasath.m/.m2/repository/io/cucumber/cucumber-plugin/7.14.0/cucumber-plugin-7.14.0.jar:/Users/vinuprasath.m/.m2/repository/io/cucumber/docstring/7.14.0/docstring-7.14.0.jar:/Users/vinuprasath.m/.m2/repository/io/cucumber/html-formatter/20.4.0/html-formatter-20.4.0.jar:/Users/vinuprasath.m/.m2/repository/io/cucumber/junit-xml-formatter/0.2.0/junit-xml-formatter-0.2.0.jar:/Users/vinuprasath.m/.m2/repository/io/cucumber/ci-environment/9.2.0/ci-environment-9.2.0.jar:/Users/vinuprasath.m/.m2/repository/io/cucumber/cucumber-java/7.14.0/cucumber-java-7.14.0.jar:/Users/vinuprasath.m/.m2/repository/org/seleniumhq/selenium/selenium-java/4.8.2/selenium-java-4.8.2.jar:/Users/vinuprasath.m/.m2/repository/org/seleniumhq/selenium/selenium-api/4.8.2/selenium-api-4.8.2.jar:/Users/vinuprasath.m/.m2/repository/org/seleniumhq/selenium/selenium-chrome-driver/4.8.2/selenium-chrome-driver-4.8.2.jar:/Users/vinuprasath.m/.m2/repository/com/google/auto/service/auto-service-annotations/1.0.1/auto-service-annotations-1.0.1.jar:/Users/vinuprasath.m/.m2/repository/com/google/auto/service/auto-service/1.0.1/auto-service-1.0.1.jar:/Users/vinuprasath.m/.m2/repository/com/google/auto/auto-common/1.2/auto-common-1.2.jar:/Users/vinuprasath.m/.m2/repository/com/google/guava/guava/31.1-jre/guava-31.1-jre.jar:/Users/vinuprasath.m/.m2/repository/com/google/guava/failureaccess/1.0.1/failureaccess-1.0.1.jar:/Users/vinuprasath.m/.m2/repository/com/google/guava/listenablefuture/9999.0-empty-to-avoid-conflict-with-guava/listenablefuture-9999.0-empty-to-avoid-conflict-with-guava.jar:/Users/vinuprasath.m/.m2/repository/com/google/code/findbugs/jsr305/3.0.2/jsr305-3.0.2.jar:/Users/vinuprasath.m/.m2/repository/org/checkerframework/checker-qual/3.12.0/checker-qual-3.12.0.jar:/Users/vinuprasath.m/.m2/repository/com/google/j2objc/j2objc-annotations/1.3/j2objc-annotations-1.3.jar:/Users/vinuprasath.m/.m2/repository/org/seleniumhq/selenium/selenium-chromium-driver/4.8.2/selenium-chromium-driver-4.8.2.jar:/Users/vinuprasath.m/.m2/repository/org/seleniumhq/selenium/selenium-json/4.8.2/selenium-json-4.8.2.jar:/Users/vinuprasath.m/.m2/repository/org/seleniumhq/selenium/selenium-manager/4.8.2/selenium-manager-4.8.2.jar:/Users/vinuprasath.m/.m2/repository/org/seleniumhq/selenium/selenium-devtools-v109/4.8.2/selenium-devtools-v109-4.8.2.jar:/Users/vinuprasath.m/.m2/repository/org/seleniumhq/selenium/selenium-devtools-v110/4.8.2/selenium-devtools-v110-4.8.2.jar:/Users/vinuprasath.m/.m2/repository/org/seleniumhq/selenium/selenium-devtools-v111/4.8.2/selenium-devtools-v111-4.8.2.jar:/Users/vinuprasath.m/.m2/repository/org/seleniumhq/selenium/selenium-devtools-v85/4.8.2/selenium-devtools-v85-4.8.2.jar:/Users/vinuprasath.m/.m2/repository/org/seleniumhq/selenium/selenium-edge-driver/4.8.2/selenium-edge-driver-4.8.2.jar:/Users/vinuprasath.m/.m2/repository/org/seleniumhq/selenium/selenium-firefox-driver/4.8.2/selenium-firefox-driver-4.8.2.jar:/Users/vinuprasath.m/.m2/repository/org/seleniumhq/selenium/selenium-http/4.8.2/selenium-http-4.8.2.jar:/Users/vinuprasath.m/.m2/repository/dev/failsafe/failsafe/3.3.1/failsafe-3.3.1.jar:/Users/vinuprasath.m/.m2/repository/org/seleniumhq/selenium/selenium-ie-driver/4.8.2/selenium-ie-driver-4.8.2.jar:/Users/vinuprasath.m/.m2/repository/org/seleniumhq/selenium/selenium-remote-driver/4.8.2/selenium-remote-driver-4.8.2.jar:/Users/vinuprasath.m/.m2/repository/com/beust/jcommander/1.82/jcommander-1.82.jar:/Users/vinuprasath.m/.m2/repository/io/netty/netty-buffer/4.1.90.Final/netty-buffer-4.1.90.Final.jar:/Users/vinuprasath.m/.m2/repository/io/netty/netty-codec-http/4.1.90.Final/netty-codec-http-4.1.90.Final.jar:/Users/vinuprasath.m/.m2/repository/io/netty/netty-codec/4.1.90.Final/netty-codec-4.1.90.Final.jar:/Users/vinuprasath.m/.m2/repository/io/netty/netty-handler/4.1.90.Final/netty-handler-4.1.90.Final.jar:/Users/vinuprasath.m/.m2/repository/io/netty/netty-common/4.1.90.Final/netty-common-4.1.90.Final.jar:/Users/vinuprasath.m/.m2/repository/io/netty/netty-transport-classes-epoll/4.1.90.Final/netty-transport-classes-epoll-4.1.90.Final.jar:/Users/vinuprasath.m/.m2/repository/io/netty/netty-transport-classes-kqueue/4.1.90.Final/netty-transport-classes-kqueue-4.1.90.Final.jar:/Users/vinuprasath.m/.m2/repository/io/netty/netty-transport-native-epoll/4.1.90.Final/netty-transport-native-epoll-4.1.90.Final.jar:/Users/vinuprasath.m/.m2/repository/io/netty/netty-transport-native-kqueue/4.1.90.Final/netty-transport-native-kqueue-4.1.90.Final.jar:/Users/vinuprasath.m/.m2/repository/io/netty/netty-transport-native-unix-common/4.1.90.Final/netty-transport-native-unix-common-4.1.90.Final.jar:/Users/vinuprasath.m/.m2/repository/io/netty/netty-transport/4.1.90.Final/netty-transport-4.1.90.Final.jar:/Users/vinuprasath.m/.m2/repository/io/netty/netty-resolver/4.1.90.Final/netty-resolver-4.1.90.Final.jar:/Users/vinuprasath.m/.m2/repository/io/opentelemetry/opentelemetry-api/1.24.0/opentelemetry-api-1.24.0.jar:/Users/vinuprasath.m/.m2/repository/io/opentelemetry/opentelemetry-context/1.24.0/opentelemetry-context-1.24.0.jar:/Users/vinuprasath.m/.m2/repository/io/opentelemetry/opentelemetry-exporter-logging/1.24.0/opentelemetry-exporter-logging-1.24.0.jar:/Users/vinuprasath.m/.m2/repository/io/opentelemetry/opentelemetry-sdk-metrics/1.24.0/opentelemetry-sdk-metrics-1.24.0.jar:/Users/vinuprasath.m/.m2/repository/io/opentelemetry/opentelemetry-sdk-logs/1.24.0-alpha/opentelemetry-sdk-logs-1.24.0-alpha.jar:/Users/vinuprasath.m/.m2/repository/io/opentelemetry/opentelemetry-api-logs/1.24.0-alpha/opentelemetry-api-logs-1.24.0-alpha.jar:/Users/vinuprasath.m/.m2/repository/io/opentelemetry/opentelemetry-api-events/1.24.0-alpha/opentelemetry-api-events-1.24.0-alpha.jar:/Users/vinuprasath.m/.m2/repository/io/opentelemetry/opentelemetry-sdk-common/1.24.0/opentelemetry-sdk-common-1.24.0.jar:/Users/vinuprasath.m/.m2/repository/io/opentelemetry/opentelemetry-sdk-extension-autoconfigure-spi/1.24.0/opentelemetry-sdk-extension-autoconfigure-spi-1.24.0.jar:/Users/vinuprasath.m/.m2/repository/io/opentelemetry/opentelemetry-sdk-extension-autoconfigure/1.24.0-alpha/opentelemetry-sdk-extension-autoconfigure-1.24.0-alpha.jar:/Users/vinuprasath.m/.m2/repository/io/opentelemetry/opentelemetry-sdk-trace/1.24.0/opentelemetry-sdk-trace-1.24.0.jar:/Users/vinuprasath.m/.m2/repository/io/opentelemetry/opentelemetry-sdk/1.24.0/opentelemetry-sdk-1.24.0.jar:/Users/vinuprasath.m/.m2/repository/io/opentelemetry/opentelemetry-semconv/1.24.0-alpha/opentelemetry-semconv-1.24.0-alpha.jar:/Users/vinuprasath.m/.m2/repository/io/ous/jtoml/2.0.0/jtoml-2.0.0.jar:/Users/vinuprasath.m/.m2/repository/net/bytebuddy/byte-buddy/1.14.2/byte-buddy-1.14.2.jar:/Users/vinuprasath.m/.m2/repository/org/apache/commons/commons-exec/1.3/commons-exec-1.3.jar:/Users/vinuprasath.m/.m2/repository/org/asynchttpclient/async-http-client/2.12.3/async-http-client-2.12.3.jar:/Users/vinuprasath.m/.m2/repository/org/asynchttpclient/async-http-client-netty-utils/2.12.3/async-http-client-netty-utils-2.12.3.jar:/Users/vinuprasath.m/.m2/repository/io/netty/netty-codec-socks/4.1.60.Final/netty-codec-socks-4.1.60.Final.jar:/Users/vinuprasath.m/.m2/repository/io/netty/netty-handler-proxy/4.1.60.Final/netty-handler-proxy-4.1.60.Final.jar:/Users/vinuprasath.m/.m2/repository/io/netty/netty-transport-native-epoll/4.1.60.Final/netty-transport-native-epoll-4.1.60.Final-linux-x86_64.jar:/Users/vinuprasath.m/.m2/repository/io/netty/netty-transport-native-kqueue/4.1.60.Final/netty-transport-native-kqueue-4.1.60.Final-osx-x86_64.jar:/Users/vinuprasath.m/.m2/repository/org/reactivestreams/reactive-streams/1.0.3/reactive-streams-1.0.3.jar:/Users/vinuprasath.m/.m2/repository/com/typesafe/netty/netty-reactive-streams/2.0.4/netty-reactive-streams-2.0.4.jar:/Users/vinuprasath.m/.m2/repository/com/sun/activation/jakarta.activation/1.2.2/jakarta.activation-1.2.2.jar:/Users/vinuprasath.m/.m2/repository/org/seleniumhq/selenium/selenium-safari-driver/4.8.2/selenium-safari-driver-4.8.2.jar:/Users/vinuprasath.m/.m2/repository/org/seleniumhq/selenium/selenium-support/4.8.2/selenium-support-4.8.2.jar:/Users/vinuprasath.m/.m2/repository/org/testng/testng/7.11.0/testng-7.11.0.jar:/Users/vinuprasath.m/.m2/repository/org/jcommander/jcommander/1.83/jcommander-1.83.jar:/Users/vinuprasath.m/.m2/repository/org/webjars/jquery/3.7.1/jquery-3.7.1.jar:"/>
    <property name="java.vm.vendor" value="Homebrew"/>
    <property name="sun.arch.data.model" value="64"/>
    <property name="java.vendor.url" value="https://github.com/Homebrew/homebrew-core/issues"/>
    <property name="user.timezone" value="Asia/Kolkata"/>
    <property name="os.name" value="Mac OS X"/>
    <property name="java.vm.specification.version" value="23"/>
    <property name="sun.java.launcher" value="SUN_STANDARD"/>
    <property name="user.country" value="IN"/>
    <property name="sun.boot.library.path" value="/opt/homebrew/Cellar/openjdk/23.0.2/libexec/openjdk.jdk/Contents/Home/lib"/>
    <property name="sun.java.command" value="/Users/vinuprasath.m/eclipse-workspace/Ease-Commerce/target/surefire/surefirebooter14950410577655076899.jar /Users/vinuprasath.m/eclipse-workspace/Ease-Commerce/target/surefire 2025-04-03T18-42-43_984-jvmRun1 surefire5238500247456705560tmp surefire_010656385698766787693tmp"/>
    <property name="http.nonProxyHosts" value="local|*.local|169.254/16|*.169.254/16"/>
    <property name="jdk.debug" value="release"/>
    <property name="surefire.test.class.path" value="/Users/vinuprasath.m/eclipse-workspace/Ease-Commerce/target/test-classes:/Users/vinuprasath.m/eclipse-workspace/Ease-Commerce/target/classes:/Users/vinuprasath.m/.m2/repository/io/github/bonigarcia/webdrivermanager/5.9.3/webdrivermanager-5.9.3.jar:/Users/vinuprasath.m/.m2/repository/org/slf4j/slf4j-api/2.0.16/slf4j-api-2.0.16.jar:/Users/vinuprasath.m/.m2/repository/com/google/code/gson/gson/2.12.1/gson-2.12.1.jar:/Users/vinuprasath.m/.m2/repository/com/google/errorprone/error_prone_annotations/2.36.0/error_prone_annotations-2.36.0.jar:/Users/vinuprasath.m/.m2/repository/com/github/docker-java/docker-java/3.4.1/docker-java-3.4.1.jar:/Users/vinuprasath.m/.m2/repository/com/github/docker-java/docker-java-core/3.4.1/docker-java-core-3.4.1.jar:/Users/vinuprasath.m/.m2/repository/com/github/docker-java/docker-java-api/3.4.1/docker-java-api-3.4.1.jar:/Users/vinuprasath.m/.m2/repository/com/fasterxml/jackson/core/jackson-annotations/2.10.3/jackson-annotations-2.10.3.jar:/Users/vinuprasath.m/.m2/repository/com/fasterxml/jackson/core/jackson-databind/2.10.3/jackson-databind-2.10.3.jar:/Users/vinuprasath.m/.m2/repository/com/fasterxml/jackson/core/jackson-core/2.10.3/jackson-core-2.10.3.jar:/Users/vinuprasath.m/.m2/repository/org/slf4j/jcl-over-slf4j/1.7.30/jcl-over-slf4j-1.7.30.jar:/Users/vinuprasath.m/.m2/repository/com/github/docker-java/docker-java-transport-httpclient5/3.4.1/docker-java-transport-httpclient5-3.4.1.jar:/Users/vinuprasath.m/.m2/repository/com/github/docker-java/docker-java-transport/3.4.1/docker-java-transport-3.4.1.jar:/Users/vinuprasath.m/.m2/repository/net/java/dev/jna/jna/5.13.0/jna-5.13.0.jar:/Users/vinuprasath.m/.m2/repository/org/brotli/dec/0.1.2/dec-0.1.2.jar:/Users/vinuprasath.m/.m2/repository/org/apache/commons/commons-lang3/3.17.0/commons-lang3-3.17.0.jar:/Users/vinuprasath.m/.m2/repository/org/apache/commons/commons-compress/1.27.1/commons-compress-1.27.1.jar:/Users/vinuprasath.m/.m2/repository/commons-codec/commons-codec/1.17.1/commons-codec-1.17.1.jar:/Users/vinuprasath.m/.m2/repository/commons-io/commons-io/2.16.1/commons-io-2.16.1.jar:/Users/vinuprasath.m/.m2/repository/org/apache/httpcomponents/client5/httpclient5/5.2.1/httpclient5-5.2.1.jar:/Users/vinuprasath.m/.m2/repository/org/apache/httpcomponents/core5/httpcore5/5.2/httpcore5-5.2.jar:/Users/vinuprasath.m/.m2/repository/org/apache/httpcomponents/core5/httpcore5-h2/5.2/httpcore5-h2-5.2.jar:/Users/vinuprasath.m/.m2/repository/io/cucumber/cucumber-testng/7.14.0/cucumber-testng-7.14.0.jar:/Users/vinuprasath.m/.m2/repository/org/apiguardian/apiguardian-api/1.1.2/apiguardian-api-1.1.2.jar:/Users/vinuprasath.m/.m2/repository/io/cucumber/cucumber-core/7.14.0/cucumber-core-7.14.0.jar:/Users/vinuprasath.m/.m2/repository/io/cucumber/cucumber-gherkin/7.14.0/cucumber-gherkin-7.14.0.jar:/Users/vinuprasath.m/.m2/repository/io/cucumber/cucumber-gherkin-messages/7.14.0/cucumber-gherkin-messages-7.14.0.jar:/Users/vinuprasath.m/.m2/repository/io/cucumber/gherkin/26.2.0/gherkin-26.2.0.jar:/Users/vinuprasath.m/.m2/repository/io/cucumber/messages/22.0.0/messages-22.0.0.jar:/Users/vinuprasath.m/.m2/repository/io/cucumber/tag-expressions/5.0.6/tag-expressions-5.0.6.jar:/Users/vinuprasath.m/.m2/repository/io/cucumber/cucumber-expressions/16.1.2/cucumber-expressions-16.1.2.jar:/Users/vinuprasath.m/.m2/repository/io/cucumber/datatable/7.14.0/datatable-7.14.0.jar:/Users/vinuprasath.m/.m2/repository/io/cucumber/cucumber-plugin/7.14.0/cucumber-plugin-7.14.0.jar:/Users/vinuprasath.m/.m2/repository/io/cucumber/docstring/7.14.0/docstring-7.14.0.jar:/Users/vinuprasath.m/.m2/repository/io/cucumber/html-formatter/20.4.0/html-formatter-20.4.0.jar:/Users/vinuprasath.m/.m2/repository/io/cucumber/junit-xml-formatter/0.2.0/junit-xml-formatter-0.2.0.jar:/Users/vinuprasath.m/.m2/repository/io/cucumber/ci-environment/9.2.0/ci-environment-9.2.0.jar:/Users/vinuprasath.m/.m2/repository/io/cucumber/cucumber-java/7.14.0/cucumber-java-7.14.0.jar:/Users/vinuprasath.m/.m2/repository/org/seleniumhq/selenium/selenium-java/4.8.2/selenium-java-4.8.2.jar:/Users/vinuprasath.m/.m2/repository/org/seleniumhq/selenium/selenium-api/4.8.2/selenium-api-4.8.2.jar:/Users/vinuprasath.m/.m2/repository/org/seleniumhq/selenium/selenium-chrome-driver/4.8.2/selenium-chrome-driver-4.8.2.jar:/Users/vinuprasath.m/.m2/repository/com/google/auto/service/auto-service-annotations/1.0.1/auto-service-annotations-1.0.1.jar:/Users/vinuprasath.m/.m2/repository/com/google/auto/service/auto-service/1.0.1/auto-service-1.0.1.jar:/Users/vinuprasath.m/.m2/repository/com/google/auto/auto-common/1.2/auto-common-1.2.jar:/Users/vinuprasath.m/.m2/repository/com/google/guava/guava/31.1-jre/guava-31.1-jre.jar:/Users/vinuprasath.m/.m2/repository/com/google/guava/failureaccess/1.0.1/failureaccess-1.0.1.jar:/Users/vinuprasath.m/.m2/repository/com/google/guava/listenablefuture/9999.0-empty-to-avoid-conflict-with-guava/listenablefuture-9999.0-empty-to-avoid-conflict-with-guava.jar:/Users/vinuprasath.m/.m2/repository/com/google/code/findbugs/jsr305/3.0.2/jsr305-3.0.2.jar:/Users/vinuprasath.m/.m2/repository/org/checkerframework/checker-qual/3.12.0/checker-qual-3.12.0.jar:/Users/vinuprasath.m/.m2/repository/com/google/j2objc/j2objc-annotations/1.3/j2objc-annotations-1.3.jar:/Users/vinuprasath.m/.m2/repository/org/seleniumhq/selenium/selenium-chromium-driver/4.8.2/selenium-chromium-driver-4.8.2.jar:/Users/vinuprasath.m/.m2/repository/org/seleniumhq/selenium/selenium-json/4.8.2/selenium-json-4.8.2.jar:/Users/vinuprasath.m/.m2/repository/org/seleniumhq/selenium/selenium-manager/4.8.2/selenium-manager-4.8.2.jar:/Users/vinuprasath.m/.m2/repository/org/seleniumhq/selenium/selenium-devtools-v109/4.8.2/selenium-devtools-v109-4.8.2.jar:/Users/vinuprasath.m/.m2/repository/org/seleniumhq/selenium/selenium-devtools-v110/4.8.2/selenium-devtools-v110-4.8.2.jar:/Users/vinuprasath.m/.m2/repository/org/seleniumhq/selenium/selenium-devtools-v111/4.8.2/selenium-devtools-v111-4.8.2.jar:/Users/vinuprasath.m/.m2/repository/org/seleniumhq/selenium/selenium-devtools-v85/4.8.2/selenium-devtools-v85-4.8.2.jar:/Users/vinuprasath.m/.m2/repository/org/seleniumhq/selenium/selenium-edge-driver/4.8.2/selenium-edge-driver-4.8.2.jar:/Users/vinuprasath.m/.m2/repository/org/seleniumhq/selenium/selenium-firefox-driver/4.8.2/selenium-firefox-driver-4.8.2.jar:/Users/vinuprasath.m/.m2/repository/org/seleniumhq/selenium/selenium-http/4.8.2/selenium-http-4.8.2.jar:/Users/vinuprasath.m/.m2/repository/dev/failsafe/failsafe/3.3.1/failsafe-3.3.1.jar:/Users/vinuprasath.m/.m2/repository/org/seleniumhq/selenium/selenium-ie-driver/4.8.2/selenium-ie-driver-4.8.2.jar:/Users/vinuprasath.m/.m2/repository/org/seleniumhq/selenium/selenium-remote-driver/4.8.2/selenium-remote-driver-4.8.2.jar:/Users/vinuprasath.m/.m2/repository/com/beust/jcommander/1.82/jcommander-1.82.jar:/Users/vinuprasath.m/.m2/repository/io/netty/netty-buffer/4.1.90.Final/netty-buffer-4.1.90.Final.jar:/Users/vinuprasath.m/.m2/repository/io/netty/netty-codec-http/4.1.90.Final/netty-codec-http-4.1.90.Final.jar:/Users/vinuprasath.m/.m2/repository/io/netty/netty-codec/4.1.90.Final/netty-codec-4.1.90.Final.jar:/Users/vinuprasath.m/.m2/repository/io/netty/netty-handler/4.1.90.Final/netty-handler-4.1.90.Final.jar:/Users/vinuprasath.m/.m2/repository/io/netty/netty-common/4.1.90.Final/netty-common-4.1.90.Final.jar:/Users/vinuprasath.m/.m2/repository/io/netty/netty-transport-classes-epoll/4.1.90.Final/netty-transport-classes-epoll-4.1.90.Final.jar:/Users/vinuprasath.m/.m2/repository/io/netty/netty-transport-classes-kqueue/4.1.90.Final/netty-transport-classes-kqueue-4.1.90.Final.jar:/Users/vinuprasath.m/.m2/repository/io/netty/netty-transport-native-epoll/4.1.90.Final/netty-transport-native-epoll-4.1.90.Final.jar:/Users/vinuprasath.m/.m2/repository/io/netty/netty-transport-native-kqueue/4.1.90.Final/netty-transport-native-kqueue-4.1.90.Final.jar:/Users/vinuprasath.m/.m2/repository/io/netty/netty-transport-native-unix-common/4.1.90.Final/netty-transport-native-unix-common-4.1.90.Final.jar:/Users/vinuprasath.m/.m2/repository/io/netty/netty-transport/4.1.90.Final/netty-transport-4.1.90.Final.jar:/Users/vinuprasath.m/.m2/repository/io/netty/netty-resolver/4.1.90.Final/netty-resolver-4.1.90.Final.jar:/Users/vinuprasath.m/.m2/repository/io/opentelemetry/opentelemetry-api/1.24.0/opentelemetry-api-1.24.0.jar:/Users/vinuprasath.m/.m2/repository/io/opentelemetry/opentelemetry-context/1.24.0/opentelemetry-context-1.24.0.jar:/Users/vinuprasath.m/.m2/repository/io/opentelemetry/opentelemetry-exporter-logging/1.24.0/opentelemetry-exporter-logging-1.24.0.jar:/Users/vinuprasath.m/.m2/repository/io/opentelemetry/opentelemetry-sdk-metrics/1.24.0/opentelemetry-sdk-metrics-1.24.0.jar:/Users/vinuprasath.m/.m2/repository/io/opentelemetry/opentelemetry-sdk-logs/1.24.0-alpha/opentelemetry-sdk-logs-1.24.0-alpha.jar:/Users/vinuprasath.m/.m2/repository/io/opentelemetry/opentelemetry-api-logs/1.24.0-alpha/opentelemetry-api-logs-1.24.0-alpha.jar:/Users/vinuprasath.m/.m2/repository/io/opentelemetry/opentelemetry-api-events/1.24.0-alpha/opentelemetry-api-events-1.24.0-alpha.jar:/Users/vinuprasath.m/.m2/repository/io/opentelemetry/opentelemetry-sdk-common/1.24.0/opentelemetry-sdk-common-1.24.0.jar:/Users/vinuprasath.m/.m2/repository/io/opentelemetry/opentelemetry-sdk-extension-autoconfigure-spi/1.24.0/opentelemetry-sdk-extension-autoconfigure-spi-1.24.0.jar:/Users/vinuprasath.m/.m2/repository/io/opentelemetry/opentelemetry-sdk-extension-autoconfigure/1.24.0-alpha/opentelemetry-sdk-extension-autoconfigure-1.24.0-alpha.jar:/Users/vinuprasath.m/.m2/repository/io/opentelemetry/opentelemetry-sdk-trace/1.24.0/opentelemetry-sdk-trace-1.24.0.jar:/Users/vinuprasath.m/.m2/repository/io/opentelemetry/opentelemetry-sdk/1.24.0/opentelemetry-sdk-1.24.0.jar:/Users/vinuprasath.m/.m2/repository/io/opentelemetry/opentelemetry-semconv/1.24.0-alpha/opentelemetry-semconv-1.24.0-alpha.jar:/Users/vinuprasath.m/.m2/repository/io/ous/jtoml/2.0.0/jtoml-2.0.0.jar:/Users/vinuprasath.m/.m2/repository/net/bytebuddy/byte-buddy/1.14.2/byte-buddy-1.14.2.jar:/Users/vinuprasath.m/.m2/repository/org/apache/commons/commons-exec/1.3/commons-exec-1.3.jar:/Users/vinuprasath.m/.m2/repository/org/asynchttpclient/async-http-client/2.12.3/async-http-client-2.12.3.jar:/Users/vinuprasath.m/.m2/repository/org/asynchttpclient/async-http-client-netty-utils/2.12.3/async-http-client-netty-utils-2.12.3.jar:/Users/vinuprasath.m/.m2/repository/io/netty/netty-codec-socks/4.1.60.Final/netty-codec-socks-4.1.60.Final.jar:/Users/vinuprasath.m/.m2/repository/io/netty/netty-handler-proxy/4.1.60.Final/netty-handler-proxy-4.1.60.Final.jar:/Users/vinuprasath.m/.m2/repository/io/netty/netty-transport-native-epoll/4.1.60.Final/netty-transport-native-epoll-4.1.60.Final-linux-x86_64.jar:/Users/vinuprasath.m/.m2/repository/io/netty/netty-transport-native-kqueue/4.1.60.Final/netty-transport-native-kqueue-4.1.60.Final-osx-x86_64.jar:/Users/vinuprasath.m/.m2/repository/org/reactivestreams/reactive-streams/1.0.3/reactive-streams-1.0.3.jar:/Users/vinuprasath.m/.m2/repository/com/typesafe/netty/netty-reactive-streams/2.0.4/netty-reactive-streams-2.0.4.jar:/Users/vinuprasath.m/.m2/repository/com/sun/activation/jakarta.activation/1.2.2/jakarta.activation-1.2.2.jar:/Users/vinuprasath.m/.m2/repository/org/seleniumhq/selenium/selenium-safari-driver/4.8.2/selenium-safari-driver-4.8.2.jar:/Users/vinuprasath.m/.m2/repository/org/seleniumhq/selenium/selenium-support/4.8.2/selenium-support-4.8.2.jar:/Users/vinuprasath.m/.m2/repository/org/testng/testng/7.11.0/testng-7.11.0.jar:/Users/vinuprasath.m/.m2/repository/org/jcommander/jcommander/1.83/jcommander-1.83.jar:/Users/vinuprasath.m/.m2/repository/org/webjars/jquery/3.7.1/jquery-3.7.1.jar:"/>
    <property name="sun.cpu.endian" value="little"/>
    <property name="user.home" value="/Users/vinuprasath.m"/>
    <property name="user.language" value="en"/>
    <property name="java.specification.vendor" value="Oracle Corporation"/>
    <property name="java.version.date" value="2025-01-21"/>
    <property name="java.home" value="/opt/homebrew/Cellar/openjdk/23.0.2/libexec/openjdk.jdk/Contents/Home"/>
    <property name="file.separator" value="/"/>
    <property name="basedir" value="/Users/vinuprasath.m/eclipse-workspace/Ease-Commerce"/>
    <property name="java.vm.compressedOopsMode" value="Zero based"/>
    <property name="line.separator" value="&#10;"/>
    <property name="java.vm.specification.vendor" value="Oracle Corporation"/>
    <property name="java.specification.name" value="Java Platform API Specification"/>
    <property name="apple.awt.application.name" value="ForkedBooter"/>
    <property name="surefire.real.class.path" value="/Users/vinuprasath.m/eclipse-workspace/Ease-Commerce/target/surefire/surefirebooter14950410577655076899.jar"/>
    <property name="sun.management.compiler" value="HotSpot 64-Bit Tiered Compilers"/>
    <property name="ftp.nonProxyHosts" value="local|*.local|169.254/16|*.169.254/16"/>
    <property name="java.runtime.version" value="23.0.2"/>
    <property name="user.name" value="vinuprasath.m"/>
    <property name="stdout.encoding" value="UTF-8"/>
    <property name="path.separator" value=":"/>
    <property name="os.version" value="13.5"/>
    <property name="java.runtime.name" value="OpenJDK Runtime Environment"/>
    <property name="file.encoding" value="UTF-8"/>
    <property name="java.vm.name" value="OpenJDK 64-Bit Server VM"/>
    <property name="java.vendor.version" value="Homebrew"/>
    <property name="localRepository" value="/Users/vinuprasath.m/.m2/repository"/>
    <property name="java.vendor.url.bug" value="https://github.com/Homebrew/homebrew-core/issues"/>
    <property name="java.io.tmpdir" value="/var/folders/82/k85vc6_x5m385xnh253vydnx0_90qd/T/"/>
    <property name="java.version" value="23.0.2"/>
    <property name="user.dir" value="/Users/vinuprasath.m/eclipse-workspace/Ease-Commerce"/>
    <property name="os.arch" value="aarch64"/>
    <property name="java.vm.specification.name" value="Java Virtual Machine Specification"/>
    <property name="native.encoding" value="UTF-8"/>
    <property name="java.library.path" value="/Users/vinuprasath.m/Library/Java/Extensions:/Library/Java/Extensions:/Network/Library/Java/Extensions:/System/Library/Java/Extensions:/usr/lib/java:."/>
    <property name="java.vm.info" value="mixed mode, sharing"/>
    <property name="stderr.encoding" value="UTF-8"/>
    <property name="java.vendor" value="Homebrew"/>
    <property name="java.vm.version" value="23.0.2"/>
    <property name="sun.io.unicode.encoding" value="UnicodeBig"/>
    <property name="socksNonProxyHosts" value="local|*.local|169.254/16|*.169.254/16"/>
    <property name="java.class.version" value="67.0"/>
  </properties>
  <testcase name="runScenario[&quot;User logs in and adds a task&quot;, &quot;Login Feature&quot;](1)" classname="runner.TestRunner" time="6.784">
    <system-out><![CDATA[
@LoginFeature @test
Scenario: User logs in and adds a task                # src/test/java/features/Login.feature:5
  Given the user is on the login page                 # stepdefinitions.LoginUserSteps.theUserIsOnTheLoginPage()
  When the user enters valid credentials              # stepdefinitions.LoginUserSteps.theUserEntersValidCredentials()
  And clicks the login button                         # stepdefinitions.LoginUserSteps.clicksTheLoginButton()
  Then the user should be redirected to the dashboard # stepdefinitions.LoginUserSteps.theUserShouldBeRedirectedToTheDashboard()
  When the user switches to Employee Mode             # stepdefinitions.LoginUserSteps.theUserSwitchesToEmployeeMode()
  And clicks on Add Task                              # stepdefinitions.LoginUserSteps.clicksOnAddTask()
✅ Task added successfully.
  Then the task should be added successfully          # stepdefinitions.LoginUserSteps.theTaskShouldBeAddedSuccessfully()
]]></system-out>
    <system-err><![CDATA[SLF4J(W): No SLF4J providers were found.
SLF4J(W): Defaulting to no-operation (NOP) logger implementation
SLF4J(W): See https://www.slf4j.org/codes.html#noProviders for further details.
Starting ChromeDriver 134.0.6998.165 (fd886e2cb29dd984c13deec032832dee68d8abe3-refs/branch-heads/6998@{#2122}) on port 11142
Only local connections are allowed.
Please see https://chromedriver.chromium.org/security-considerations for suggestions on keeping ChromeDriver safe.
ChromeDriver was started successfully on port 11142.
Apr 03, 2025 6:42:48 PM org.openqa.selenium.devtools.CdpVersionFinder findNearestMatch
WARNING: Unable to find CDP implementation matching 134
Apr 03, 2025 6:42:48 PM org.openqa.selenium.chromium.ChromiumDriver lambda$new$3
WARNING: Unable to find version of CDP to use for . You may need to include a dependency on a specific version of the CDP using something similar to `org.seleniumhq.selenium:selenium-devtools-v86:4.8.2` where the version ("v86") matches the version of the chromium-based browser you're using and the version number of the artifact is the same as Selenium's.
]]></system-err>
  </testcase>
</testsuite>