<?xml version="1.0" encoding="UTF-8"?>
<!-- Generated by org.testng.reporters.JUnitReportReporter -->
<testsuite hostname="LM0006026" failures="0" tests="1" name="tests.LoginTest" time="55.018" errors="0" timestamp="2025-04-03T13:00:22 IST" skipped="0">
  <testcase classname="tests.LoginTest" name="verifyLoginAndAddTask" time="55.018"/>
  <system-out/>
</testsuite> <!-- tests.LoginTest -->
