<?xml version="1.0" encoding="UTF-8"?>
<!-- Generated by org.testng.reporters.JUnitReportReporter -->
<testsuite hostname="LM0006026" failures="0" tests="1" name="Ease_Commerce_UI.Ease_Commerce.AppTest" time="72.468" errors="0" timestamp="2025-04-03T00:37:30 IST" skipped="0">
  <testcase classname="Ease_Commerce_UI.Ease_Commerce.AppTest" name="shouldAnswerWithTrue" time="72.468"/>
  <system-out/>
</testsuite> <!-- Ease_Commerce_UI.Ease_Commerce.AppTest -->
