<?xml version="1.0" encoding="UTF-8"?>
<!-- Generated by org.testng.reporters.JUnitReportReporter -->
<testsuite hostname="LM0006026" failures="0" tests="1" name="runner.TestRunner" time="10.108" errors="0" timestamp="2025-04-03T23:42:42 IST" skipped="0">
  <testcase classname="runner.TestRunner" name="runScenario" time="10.108"/>
</testsuite> <!-- runner.TestRunner -->
